<?xml version="1.0" encoding="UTF-8"?>
<!-- Generated by org.testng.reporters.JUnitReportReporter -->
<testsuite skipped="0" hostname="dhirendra349101" name="Test.PrintingTestCase" tests="1" failures="0" timestamp="27 Jun 2018 15:55:46 GMT" time="0.001" errors="0">
  <testcase name="Printtest" time="0.001" classname="Test.PrintingTestCase"/>
</testsuite> <!-- Test.PrintingTestCase -->
